<?xml version="1.0" encoding="utf-8"?><testsuites name="pytest tests"><testsuite name="pytest" errors="0" failures="0" skipped="10" tests="65" time="165.317" timestamp="2026-07-11T11:10:59.956467+05:30" hostname="PSILENL162"><testcase classname="tests.benchmark.test_benchmark" name="test_gold_standard_mappings_meet_threshold" time="0.375" /><testcase classname="tests.e2e.test_real_pipeline" name="test_e2e_real_pipeline_creates_findings_mappings_artifacts[terraform]" time="2.032" /><testcase classname="tests.e2e.test_real_pipeline" name="test_e2e_real_pipeline_creates_findings_mappings_artifacts[kubernetes]" time="2.063" /><testcase classname="tests.e2e.test_real_pipeline" name="test_e2e_live_real_scanners_against_scan_targets[terraform]" time="0.047"><skipped type="pytest.skip" message="scan_targets/terraform not present">C:\Users\akash.kumar\OneDrive - psiog.com\Desktop\sem1\complisoc\tests\e2e\test_real_pipeline.py:264: scan_targets/terraform not present</skipped></testcase><testcase classname="tests.e2e.test_real_pipeline" name="test_e2e_live_real_scanners_against_scan_targets[kubernetes]" time="0.041"><skipped type="pytest.skip" message="scan_targets/kubernetes not present">C:\Users\akash.kumar\OneDrive - psiog.com\Desktop\sem1\complisoc\tests\e2e\test_real_pipeline.py:264: scan_targets/kubernetes not present</skipped></testcase><testcase classname="tests.e2e.test_selenium_workflow" name="test_health_page_loads" time="0.003"><skipped type="pytest.skip" message="Selenium or Chrome/Chromium not available">C:\Users\akash.kumar\OneDrive - psiog.com\Desktop\sem1\complisoc\tests\e2e\test_selenium_workflow.py:99: Selenium or Chrome/Chromium not available</skipped></testcase><testcase classname="tests.e2e.test_selenium_workflow" name="test_readiness_page_reports_database_ok" time="0.003"><skipped type="pytest.skip" message="Selenium or Chrome/Chromium not available">C:\Users\akash.kumar\OneDrive - psiog.com\Desktop\sem1\complisoc\tests\e2e\test_selenium_workflow.py:108: Selenium or Chrome/Chromium not available</skipped></testcase><testcase classname="tests.e2e.test_selenium_workflow" name="test_frontend_loads_application_view" time="0.002"><skipped type="pytest.skip" message="Selenium or Chrome/Chromium not available">C:\Users\akash.kumar\OneDrive - psiog.com\Desktop\sem1\complisoc\tests\e2e\test_selenium_workflow.py:118: Selenium or Chrome/Chromium not available</skipped></testcase><testcase classname="tests.e2e.test_selenium_workflow" name="test_create_scan_run_via_api" time="0.002"><skipped type="pytest.skip" message="Selenium or Chrome/Chromium not available">C:\Users\akash.kumar\OneDrive - psiog.com\Desktop\sem1\complisoc\tests\e2e\test_selenium_workflow.py:127: Selenium or Chrome/Chromium not available</skipped></testcase><testcase classname="tests.e2e.test_selenium_workflow" name="test_scanners_list_endpoint" time="0.001"><skipped type="pytest.skip" message="Selenium or Chrome/Chromium not available">C:\Users\akash.kumar\OneDrive - psiog.com\Desktop\sem1\complisoc\tests\e2e\test_selenium_workflow.py:133: Selenium or Chrome/Chromium not available</skipped></testcase><testcase classname="tests.e2e.test_selenium_workflow" name="test_reports_list_endpoint_returns_json" time="0.002"><skipped type="pytest.skip" message="Selenium or Chrome/Chromium not available">C:\Users\akash.kumar\OneDrive - psiog.com\Desktop\sem1\complisoc\tests\e2e\test_selenium_workflow.py:140: Selenium or Chrome/Chromium not available</skipped></testcase><testcase classname="tests.e2e.test_selenium_workflow" name="test_dashboard_coverage_endpoint" time="0.002"><skipped type="pytest.skip" message="Selenium or Chrome/Chromium not available">C:\Users\akash.kumar\OneDrive - psiog.com\Desktop\sem1\complisoc\tests\e2e\test_selenium_workflow.py:146: Selenium or Chrome/Chromium not available</skipped></testcase><testcase classname="tests.e2e.test_selenium_workflow" name="test_dashboard_gap_summary_endpoint" time="0.002"><skipped type="pytest.skip" message="Selenium or Chrome/Chromium not available">C:\Users\akash.kumar\OneDrive - psiog.com\Desktop\sem1\complisoc\tests\e2e\test_selenium_workflow.py:152: Selenium or Chrome/Chromium not available</skipped></testcase><testcase classname="tests.validation.test_data_quality.TestDatabaseSchemaValidation" name="test_scan_runs_table_has_expected_columns" time="0.032" /><testcase classname="tests.validation.test_data_quality.TestDatabaseSchemaValidation" name="test_control_mappings_table_has_groq_column" time="0.029" /><testcase classname="tests.validation.test_data_quality.TestDatabaseSchemaValidation" name="test_raw_findings_constraints_enforced" time="0.034" /><testcase classname="tests.validation.test_data_quality.TestRecordShapeValidation" name="test_scan_run_record_has_required_fields" time="0.096" /><testcase classname="tests.validation.test_data_quality.TestRecordShapeValidation" name="test_mapping_record_has_both_confidence_scores" time="0.095" /><testcase classname="tests.validation.test_data_quality.TestRecordShapeValidation" name="test_verification_record_linked_to_mapping" time="0.094" /><testcase classname="tests.validation.test_data_quality.TestRecordShapeValidation" name="test_review_queue_linked_to_mapping" time="0.098" /><testcase classname="tests.validation.test_data_quality.TestRecordShapeValidation" name="test_audit_bundle_has_scan_run_linkage" time="0.091" /><testcase classname="tests.validation.test_data_quality.TestRecordShapeValidation" name="test_report_has_scan_run_linkage" time="0.147" /><testcase classname="tests.validation.test_data_quality.TestReportArtifactValidation" name="test_engineering_report_payload_contains_required_keys" time="0.147" /><testcase classname="tests.validation.test_data_quality.TestReportArtifactValidation" name="test_leadership_posture_payload_has_aggregates" time="0.078" /><testcase classname="tests.validation.test_data_quality.TestReportArtifactValidation" name="test_narrative_keys_always_present" time="0.089" /><testcase classname="tests.validation.test_data_quality.TestLineageIntegrityValidation" name="test_scan_run_to_raw_finding_lineage" time="0.080" /><testcase classname="tests.validation.test_data_quality.TestLineageIntegrityValidation" name="test_raw_to_normalized_lineage" time="0.075" /><testcase classname="tests.validation.test_data_quality.TestLineageIntegrityValidation" name="test_normalized_to_mapping_lineage" time="0.082" /><testcase classname="tests.validation.test_data_quality.TestLineageIntegrityValidation" name="test_mapping_to_verification_lineage" time="0.104" /><testcase classname="tests.validation.test_integrity.TestLineageIntegrity" name="test_full_chain_intact_without_orphans" time="0.276" /><testcase classname="tests.validation.test_integrity.TestLineageIntegrity" name="test_audit_bundle_checksums_match_raw_findings" time="0.273" /><testcase classname="tests.validation.test_integrity.TestLineageIntegrity" name="test_no_orphans_when_findings_partially_map" time="0.178" /><testcase classname="tests.langchain.test_langchain_equivalent" name="test_langchain_path_equivalent_to_direct_for_three_scans" time="0.982" /><testcase classname="tests.langchain.test_langchain_equivalent" name="test_langchain_path_shape_matches_workflow_contract" time="0.181" /><testcase classname="tests.test_schema" name="test_metadata_contains_expected_tables" time="0.002" /><testcase classname="tests.test_schema" name="test_scan_runs_schema" time="0.003" /><testcase classname="tests.test_schema" name="test_raw_findings_schema" time="0.003" /><testcase classname="tests.test_schema" name="test_normalized_findings_schema" time="0.003" /><testcase classname="tests.test_schema" name="test_control_catalog_schema" time="0.003" /><testcase classname="tests.test_schema" name="test_candidate_controls_schema" time="0.003" /><testcase classname="tests.test_schema" name="test_control_mappings_schema" time="0.003" /><testcase classname="tests.test_schema" name="test_verification_records_schema" time="0.002" /><testcase classname="tests.test_schema" name="test_review_queue_items_schema" time="0.003" /><testcase classname="tests.test_schema" name="test_compliance_reports_schema" time="0.003" /><testcase classname="tests.test_schema" name="test_audit_bundles_schema" time="0.003" /><testcase classname="tests.test_schema" name="test_scan_runs_constraints" time="0.005" /><testcase classname="tests.test_schema" name="test_normalized_findings_constraints" time="0.004" /><testcase classname="tests.test_schema" name="test_control_catalog_constraints" time="0.003" /><testcase classname="tests.test_schema" name="test_candidate_controls_constraints" time="0.004" /><testcase classname="tests.test_schema" name="test_control_mappings_constraints" time="0.003" /><testcase classname="tests.test_schema" name="test_verification_records_constraints" time="0.003" /><testcase classname="tests.test_schema" name="test_raw_findings_constraints" time="0.004" /><testcase classname="tests.test_schema" name="test_normalized_findings_indexes" time="0.003" /><testcase classname="tests.test_schema" name="test_candidate_controls_indexes" time="0.002" /><testcase classname="tests.test_schema" name="test_control_mappings_indexes" time="0.003" /><testcase classname="tests.test_schema" name="test_review_queue_indexes" time="0.003" /><testcase classname="tests.test_scanners" name="test_list_scanners_exposes_all_runners" time="0.036" /><testcase classname="tests.test_scanners" name="test_run_scan_ingests_findings" time="131.085" /><testcase classname="tests.test_scanners" name="test_trivy_parser_extracts_vulns_and_misconfigs" time="0.005" /><testcase classname="tests.test_scanners" name="test_checkov_parser_extracts_failed_checks" time="0.009" /><testcase classname="tests.test_scanners" name="test_run_scanners_records_failure_when_binary_missing" time="0.003" /><testcase classname="tests.test_scanners" name="test_sonarqube_parser_extracts_issues" time="0.008" /><testcase classname="tests.test_scanners" name="test_defender_parser_extracts_alerts" time="0.008" /><testcase classname="tests.test_scanners" name="test_sonarqube_missing_env_returns_failure" time="0.006" /><testcase classname="tests.test_scanners" name="test_defender_missing_env_returns_failure" time="0.005" /></testsuite></testsuites>