<?xml version="1.0" encoding="utf-8"?><testsuites name="pytest tests"><testsuite name="pytest" errors="0" failures="0" skipped="2" tests="179" time="134.654" timestamp="2026-08-13T21:17:16.476903+05:30" hostname="PSILENL162"><testcase classname="tests.benchmark.test_benchmark" name="test_gold_standard_mappings_meet_threshold" time="2.486" /><testcase classname="tests.e2e.test_real_pipeline" name="test_e2e_real_pipeline_creates_findings_mappings_artifacts[terraform]" time="2.600" /><testcase classname="tests.e2e.test_real_pipeline" name="test_e2e_real_pipeline_creates_findings_mappings_artifacts[kubernetes]" time="1.716" /><testcase classname="tests.e2e.test_real_pipeline" name="test_e2e_live_real_scanners_against_scan_targets[terraform]" time="0.052"><skipped type="pytest.skip" message="scan_targets/terraform not present">C:\Users\akash.kumar\OneDrive - psiog.com\Desktop\sem1\complisoc\tests\e2e\test_real_pipeline.py:264: scan_targets/terraform not present</skipped></testcase><testcase classname="tests.e2e.test_real_pipeline" name="test_e2e_live_real_scanners_against_scan_targets[kubernetes]" time="0.042"><skipped type="pytest.skip" message="scan_targets/kubernetes not present">C:\Users\akash.kumar\OneDrive - psiog.com\Desktop\sem1\complisoc\tests\e2e\test_real_pipeline.py:264: scan_targets/kubernetes not present</skipped></testcase><testcase classname="tests.langchain.test_langchain_equivalent" name="test_langchain_path_equivalent_to_direct_for_three_scans" time="0.574" /><testcase classname="tests.langchain.test_langchain_equivalent" name="test_langchain_path_shape_matches_workflow_contract" time="0.284" /><testcase classname="tests.test_ai_models.TestGeminiMapper" name="test_init_raises_without_api_key" time="0.008" /><testcase classname="tests.test_ai_models.TestGeminiMapper" name="test_map_batch_empty_returns_empty" time="0.009" /><testcase classname="tests.test_ai_models.TestGeminiMapper" name="test_map_batch_with_valid_response" time="0.128" /><testcase classname="tests.test_ai_models.TestGeminiMapper" name="test_map_batch_filters_unknown_finding_ids" time="0.123" /><testcase classname="tests.test_ai_models.TestGeminiMapper" name="test_map_batch_clamps_confidence" time="0.107" /><testcase classname="tests.test_ai_models.TestGeminiMapper" name="test_map_one_with_valid_response" time="0.110" /><testcase classname="tests.test_ai_models.TestGeminiMapper" name="test_map_batch_no_results_raises" time="0.129" /><testcase classname="tests.test_ai_models.TestGroqVerifier" name="test_init_raises_without_api_key" time="0.006" /><testcase classname="tests.test_ai_models.TestGroqVerifier" name="test_verify_batch_empty_returns_empty" time="0.006" /><testcase classname="tests.test_ai_models.TestGroqVerifier" name="test_verify_batch_with_valid_response" time="0.113" /><testcase classname="tests.test_ai_models.TestGroqVerifier" name="test_verify_batch_filters_unknown_refs" time="0.103" /><testcase classname="tests.test_ai_models.TestGroqVerifier" name="test_verify_batch_skips_invalid_results" time="0.131" /><testcase classname="tests.test_ai_models.TestGroqVerifier" name="test_verify_one_valid" time="0.110" /><testcase classname="tests.test_ai_models.TestGroqVerifier" name="test_verify_one_invalid_result_raises" time="0.080" /><testcase classname="tests.test_ai_models.TestLangchainPipelineErrorPaths" name="test_pipeline_handles_gemini_unavailable" time="0.179" /><testcase classname="tests.test_ai_models.TestLangchainPipelineErrorPaths" name="test_pipeline_empty_findings" time="5.000" /><testcase classname="tests.test_api_endpoints.TestHealth" name="test_health" time="0.064" /><testcase classname="tests.test_api_endpoints.TestHealth" name="test_readiness" time="0.081" /><testcase classname="tests.test_api_endpoints.TestControlsAPI" name="test_list_controls" time="0.077" /><testcase classname="tests.test_api_endpoints.TestControlsAPI" name="test_list_controls_filter_by_framework" time="0.072" /><testcase classname="tests.test_api_endpoints.TestControlsAPI" name="test_get_control" time="0.066" /><testcase classname="tests.test_api_endpoints.TestControlsAPI" name="test_get_control_not_found" time="0.078" /><testcase classname="tests.test_api_endpoints.TestFindingsAPI" name="test_list_findings" time="0.197" /><testcase classname="tests.test_api_endpoints.TestFindingsAPI" name="test_get_finding_not_found" time="0.065" /><testcase classname="tests.test_api_endpoints.TestMappingsAPI" name="test_list_mappings" time="0.178" /><testcase classname="tests.test_api_endpoints.TestMappingsAPI" name="test_get_mapping_not_found" time="0.085" /><testcase classname="tests.test_api_endpoints.TestMappingsAPI" name="test_mapping_verification" time="0.243" /><testcase classname="tests.test_api_endpoints.TestReviewQueueAPI" name="test_list_review_queue_empty" time="0.103" /><testcase classname="tests.test_api_endpoints.TestReviewQueueAPI" name="test_approve_review_item_not_found" time="0.097" /><testcase classname="tests.test_api_endpoints.TestReviewQueueAPI" name="test_reject_review_item_not_found" time="0.104" /><testcase classname="tests.test_api_endpoints.TestReportsAPI" name="test_list_reports" time="0.118" /><testcase classname="tests.test_api_endpoints.TestReportsAPI" name="test_get_report_not_found" time="0.103" /><testcase classname="tests.test_api_endpoints.TestReportsAPI" name="test_create_engineering_report" time="2.075" /><testcase classname="tests.test_api_endpoints.TestReportsAPI" name="test_create_leadership_report" time="2.190" /><testcase classname="tests.test_api_endpoints.TestReportsAPI" name="test_create_report_scan_run_not_found" time="0.065" /><testcase classname="tests.test_api_endpoints.TestReportsAPI" name="test_pdf_download_not_found" time="0.071" /><testcase classname="tests.test_api_endpoints.TestAuditBundlesAPI" name="test_list_audit_bundles" time="0.053" /><testcase classname="tests.test_api_endpoints.TestAuditBundlesAPI" name="test_get_audit_bundle_not_found" time="0.062" /><testcase classname="tests.test_api_endpoints.TestAuditBundlesAPI" name="test_create_audit_bundle" time="0.231" /><testcase classname="tests.test_api_endpoints.TestAuditBundlesAPI" name="test_download_audit_bundle_not_found" time="0.076" /><testcase classname="tests.test_api_endpoints.TestAuditBundlesAPI" name="test_create_audit_bundle_scan_run_not_found" time="0.078" /><testcase classname="tests.test_api_endpoints.TestDashboardAPI" name="test_control_coverage" time="0.264" /><testcase classname="tests.test_api_endpoints.TestDashboardAPI" name="test_severity_distribution" time="0.329" /><testcase classname="tests.test_api_endpoints.TestDashboardAPI" name="test_gap_summary" time="0.346" /><testcase classname="tests.test_api_endpoints.TestDashboardAPI" name="test_remediation_backlog" time="0.356" /><testcase classname="tests.test_api_endpoints.TestDashboardAPI" name="test_trends" time="0.354" /><testcase classname="tests.test_api_endpoints.TestScanRunsAPI" name="test_list_scan_runs" time="0.261" /><testcase classname="tests.test_api_endpoints.TestScanRunsAPI" name="test_get_scan_run" time="0.278" /><testcase classname="tests.test_api_endpoints.TestScanRunsAPI" name="test_get_scan_run_not_found" time="0.089" /><testcase classname="tests.test_api_endpoints.TestScanRunsAPI" name="test_get_scan_run_summary" time="0.298" /><testcase classname="tests.test_api_endpoints.TestScanRunsAPI" name="test_get_scan_run_summary_not_found" time="0.081" /><testcase classname="tests.test_api_endpoints.TestFileResponseErrors" name="test_report_pdf_file_missing_returns_404" time="0.078" /><testcase classname="tests.test_api_endpoints.TestFileResponseErrors" name="test_audit_bundle_download_file_missing_returns_404" time="0.095" /><testcase classname="tests.test_api_endpoints.TestReviewQueueEdgeCases" name="test_approve_review_item_missing_mapping" time="0.089" /><testcase classname="tests.test_api_endpoints.TestScannersAPI" name="test_list_scanners" time="0.122" /><testcase classname="tests.test_dashboard_metrics" name="test_dashboard_metric_helpers_are_accurate" time="0.176" /><testcase classname="tests.test_dashboard_metrics" name="test_dashboard_backlog_includes_control_drilldown_metadata" time="2.057" /><testcase classname="tests.test_groq_score_api" name="test_groq_agreement_value_exposed_in_api" time="0.226" /><testcase classname="tests.test_mvp_workflow" name="test_confidence_threshold_rules" time="0.004" /><testcase classname="tests.test_mvp_workflow" name="test_normalization_rejects_invalid_severity" time="0.003" /><testcase classname="tests.test_mvp_workflow" name="test_process_scan_run_creates_full_lineage" time="0.280" /><testcase classname="tests.test_mvp_workflow" name="test_api_scan_run_and_reports" time="2.639" /><testcase classname="tests.test_mvp_workflow" name="test_scanner_failure_is_persisted_explicitly" time="7.003" /><testcase classname="tests.test_mvp_workflow" name="test_api_rejects_malformed_scan_run" time="0.127" /><testcase classname="tests.test_mvp_workflow" name="test_leadership_report_uses_published_posture_only" time="3.550" /><testcase classname="tests.test_mvp_workflow" name="test_audit_bundle_contains_lineage_checksums" time="0.539" /><testcase classname="tests.test_remediation.TestCoerceRemediationSteps" name="test_list_of_strings" time="0.009" /><testcase classname="tests.test_remediation.TestCoerceRemediationSteps" name="test_list_of_dicts_with_step_key" time="0.009" /><testcase classname="tests.test_remediation.TestCoerceRemediationSteps" name="test_list_of_dicts_with_text_key" time="0.011" /><testcase classname="tests.test_remediation.TestCoerceRemediationSteps" name="test_dict_with_steps_key" time="0.011" /><testcase classname="tests.test_remediation.TestCoerceRemediationSteps" name="test_dict_with_remediation_steps_key" time="0.011" /><testcase classname="tests.test_remediation.TestCoerceRemediationSteps" name="test_empty_payload" time="0.009" /><testcase classname="tests.test_remediation.TestCoerceRemediationSteps" name="test_filters_empty_and_whitespace" time="0.006" /><testcase classname="tests.test_remediation.TestCoerceRemediationSteps" name="test_dict_with_string_values" time="0.007" /><testcase classname="tests.test_remediation.TestCoerceRemediationSteps" name="test_dict_with_empty_string_values" time="0.007" /><testcase classname="tests.test_remediation.TestCoerceRemediationSteps" name="test_dict_without_any_valid_keys" time="0.008" /><testcase classname="tests.test_remediation.TestRemediationFallback" name="test_fallback_when_no_api_key" time="0.011" /><testcase classname="tests.test_remediation.TestRemediationFallback" name="test_fallback_on_api_error" time="0.025" /><testcase classname="tests.test_remediation.TestRemediationFallback" name="test_ai_steps_are_coerced_and_truncated" time="0.015" /><testcase classname="tests.test_remediation.TestRemediationFallback" name="test_ai_steps_from_dict_format" time="0.017" /><testcase classname="tests.test_remediation.TestRemediationFallback" name="test_ai_steps_fewer_than_two_falls_back" time="0.015" /><testcase classname="tests.test_remediation.TestRemediationRubric" name="test_remediation_meets_5_dimension_rubric[IAM public access-A.5.15-aws_iam_policy.public_access]" time="0.013" /><testcase classname="tests.test_remediation.TestRemediationRubric" name="test_remediation_meets_5_dimension_rubric[Unencrypted S3 bucket-A.8.1-aws_s3_bucket.unencrypted]" time="0.026" /><testcase classname="tests.test_remediation.TestRemediationRubric" name="test_remediation_meets_5_dimension_rubric[KMS key not rotated-A.8.2-aws_kms_key.old_key]" time="0.031" /><testcase classname="tests.test_remediation.TestRemediationRubric" name="test_remediation_meets_5_dimension_rubric[CloudTrail logging disabled-A.9.1-aws_cloudtrail.disabled]" time="0.026" /><testcase classname="tests.test_remediation.TestRemediationRubric" name="test_remediation_meets_5_dimension_rubric[Open security group port-A.12.1-aws_security_group.sg_80]" time="0.024" /><testcase classname="tests.test_remediation.TestRemediationRubric" name="test_remediation_meets_5_dimension_rubric[No backup policy-A.13.1-aws_rds_instance.no_backup]" time="0.022" /><testcase classname="tests.test_remediation.TestRemediationRubric" name="test_remediation_meets_5_dimension_rubric[Privileged IAM role-A.5.18-aws_iam_role.privileged]" time="0.021" /><testcase classname="tests.test_remediation.TestRemediationRubric" name="test_remediation_meets_5_dimension_rubric[Vulnerable npm dependency-A.8.8-npm_package.lodash_old]" time="0.025" /><testcase classname="tests.test_remediation.TestRemediationRubric" name="test_remediation_meets_5_dimension_rubric[Weak MFA policy-A.5.17-aws_iam_user.no_mfa]" time="0.017" /><testcase classname="tests.test_remediation.TestRemediationRubric" name="test_remediation_meets_5_dimension_rubric[EC2 instance not hardened-A.8.9-aws_ec2_instance.default]" time="0.017" /><testcase classname="tests.test_remediation.TestRemediationLatency" name="test_groq_suggestion_under_3_seconds" time="0.018" /><testcase classname="tests.test_scale_testing" name="test_scale_30_mappings_precision_recall_no_hallucinations" time="3.195" /><testcase classname="tests.test_scale_testing" name="test_scale_mapping_stability_across_repeated_runs" time="6.911" /><testcase classname="tests.test_scanners" name="test_list_scanners_exposes_all_runners" time="0.063" /><testcase classname="tests.test_scanners" name="test_run_scan_ingests_findings" time="0.208" /><testcase classname="tests.test_scanners" name="test_trivy_parser_extracts_vulns_and_misconfigs" time="0.015" /><testcase classname="tests.test_scanners" name="test_checkov_parser_extracts_failed_checks" time="0.013" /><testcase classname="tests.test_scanners" name="test_run_scanners_records_failure_when_binary_missing" time="0.008" /><testcase classname="tests.test_scanners" name="test_sonarqube_parser_extracts_issues" time="0.026" /><testcase classname="tests.test_scanners" name="test_defender_parser_extracts_alerts" time="0.028" /><testcase classname="tests.test_scanners" name="test_sonarqube_missing_env_returns_failure" time="0.020" /><testcase classname="tests.test_scanners" name="test_defender_missing_env_returns_failure" time="0.025" /><testcase classname="tests.test_scanners_db.TestTrivyIntegration" name="test_trivy_findings_ingested_into_db" time="0.076" /><testcase classname="tests.test_scanners_db.TestCheckovIntegration" name="test_checkov_findings_ingested_into_db" time="0.078" /><testcase classname="tests.test_scanners_db.TestSonarQubeIntegration" name="test_sonarqube_findings_ingested_into_db" time="0.107" /><testcase classname="tests.test_scanners_db.TestDefenderIntegration" name="test_defender_findings_ingested_into_db" time="0.107" /><testcase classname="tests.test_scanners_db.TestScanRunDBLineage" name="test_full_scan_creates_lineage_in_db" time="0.331" /><testcase classname="tests.test_scenario_reports.TestScenarioReports" name="test_scenario_report_generates_pdf_and_valid_catalog_ids[container-trivy-GOLD-CONT-1-Container vulnerability found]" time="0.768" /><testcase classname="tests.test_scenario_reports.TestScenarioReports" name="test_scenario_report_generates_pdf_and_valid_catalog_ids[iac-checkov-GOLD-IAC-1-IaC misconfiguration found]" time="0.643" /><testcase classname="tests.test_scenario_reports.TestScenarioReports" name="test_scenario_report_generates_pdf_and_valid_catalog_ids[code-security-sonarqube-GOLD-CODE-1-Code security issue found]" time="0.872" /><testcase classname="tests.test_scenario_reports.TestScenarioReports" name="test_scenario_report_via_api[container-trivy-GOLD-CONT-1-Container vulnerability found]" time="0.757" /><testcase classname="tests.test_scenario_reports.TestScenarioReports" name="test_scenario_report_via_api[iac-checkov-GOLD-IAC-1-IaC misconfiguration found]" time="0.661" /><testcase classname="tests.test_scenario_reports.TestScenarioReports" name="test_scenario_report_via_api[code-security-sonarqube-GOLD-CODE-1-Code security issue found]" time="1.188" /><testcase classname="tests.test_scenario_reports.TestScenarioReports" name="test_scenario_report_rejects_invalid_scenario" time="0.291" /><testcase classname="tests.test_scenario_reports.TestScenarioReports" name="test_scenario_report_no_findings_returns_error" time="0.430" /><testcase classname="tests.test_scenario_reports.TestScenarioReports" name="test_all_referenced_control_ids_exist_in_catalog" time="1.491" /><testcase classname="tests.test_scenario_reports.TestScenarioReports" name="test_scenario_report_no_duplicate_control_references" time="0.709" /><testcase classname="tests.test_schema" name="test_metadata_contains_expected_tables" time="0.008" /><testcase classname="tests.test_schema" name="test_scan_runs_schema" time="0.006" /><testcase classname="tests.test_schema" name="test_raw_findings_schema" time="0.010" /><testcase classname="tests.test_schema" name="test_normalized_findings_schema" time="0.009" /><testcase classname="tests.test_schema" name="test_control_catalog_schema" time="0.006" /><testcase classname="tests.test_schema" name="test_candidate_controls_schema" time="0.006" /><testcase classname="tests.test_schema" name="test_control_mappings_schema" time="0.010" /><testcase classname="tests.test_schema" name="test_verification_records_schema" time="0.007" /><testcase classname="tests.test_schema" name="test_review_queue_items_schema" time="0.007" /><testcase classname="tests.test_schema" name="test_compliance_reports_schema" time="0.011" /><testcase classname="tests.test_schema" name="test_audit_bundles_schema" time="0.010" /><testcase classname="tests.test_schema" name="test_scan_runs_constraints" time="0.008" /><testcase classname="tests.test_schema" name="test_normalized_findings_constraints" time="0.009" /><testcase classname="tests.test_schema" name="test_control_catalog_constraints" time="0.009" /><testcase classname="tests.test_schema" name="test_candidate_controls_constraints" time="0.014" /><testcase classname="tests.test_schema" name="test_control_mappings_constraints" time="0.017" /><testcase classname="tests.test_schema" name="test_verification_records_constraints" time="0.012" /><testcase classname="tests.test_schema" name="test_raw_findings_constraints" time="0.010" /><testcase classname="tests.test_schema" name="test_normalized_findings_indexes" time="0.007" /><testcase classname="tests.test_schema" name="test_candidate_controls_indexes" time="0.009" /><testcase classname="tests.test_schema" name="test_control_mappings_indexes" time="0.009" /><testcase classname="tests.test_schema" name="test_review_queue_indexes" time="0.008" /><testcase classname="tests.test_utils.TestExtractJson" name="test_plain_json" time="0.011" /><testcase classname="tests.test_utils.TestExtractJson" name="test_fenced_code_block" time="0.010" /><testcase classname="tests.test_utils.TestExtractJson" name="test_fenced_without_lang" time="0.005" /><testcase classname="tests.test_utils.TestExtractJson" name="test_json_embedded_in_text" time="0.007" /><testcase classname="tests.test_utils.TestExtractJson" name="test_nested_json" time="0.009" /><testcase classname="tests.test_utils.TestExtractJson" name="test_none_input" time="0.008" /><testcase classname="tests.test_utils.TestExtractJson" name="test_empty_string" time="0.006" /><testcase classname="tests.test_utils.TestExtractJson" name="test_garbage_with_no_braces" time="0.012" /><testcase classname="tests.test_utils.TestRetry" name="test_succeeds_first_try" time="0.010" /><testcase classname="tests.test_utils.TestRetry" name="test_retries_on_failure" time="0.018" /><testcase classname="tests.test_utils.TestRetry" name="test_give_up_on_specific_exception" time="0.018" /><testcase classname="tests.test_utils.TestRetry" name="test_exhausts_attempts" time="0.016" /><testcase classname="tests.test_utils.TestRetry" name="test_max_delay_caps_backoff" time="0.021" /><testcase classname="tests.validation.test_data_quality.TestDatabaseSchemaValidation" name="test_scan_runs_table_has_expected_columns" time="0.066" /><testcase classname="tests.validation.test_data_quality.TestDatabaseSchemaValidation" name="test_control_mappings_table_has_groq_column" time="0.046" /><testcase classname="tests.validation.test_data_quality.TestDatabaseSchemaValidation" name="test_raw_findings_constraints_enforced" time="0.068" /><testcase classname="tests.validation.test_data_quality.TestRecordShapeValidation" name="test_scan_run_record_has_required_fields" time="0.149" /><testcase classname="tests.validation.test_data_quality.TestRecordShapeValidation" name="test_mapping_record_has_both_confidence_scores" time="0.158" /><testcase classname="tests.validation.test_data_quality.TestRecordShapeValidation" name="test_verification_record_linked_to_mapping" time="0.162" /><testcase classname="tests.validation.test_data_quality.TestRecordShapeValidation" name="test_review_queue_linked_to_mapping" time="0.160" /><testcase classname="tests.validation.test_data_quality.TestRecordShapeValidation" name="test_audit_bundle_has_scan_run_linkage" time="0.178" /><testcase classname="tests.validation.test_data_quality.TestRecordShapeValidation" name="test_report_has_scan_run_linkage" time="0.158" /><testcase classname="tests.validation.test_data_quality.TestReportArtifactValidation" name="test_engineering_report_payload_contains_required_keys" time="0.199" /><testcase classname="tests.validation.test_data_quality.TestReportArtifactValidation" name="test_leadership_posture_payload_has_aggregates" time="0.160" /><testcase classname="tests.validation.test_data_quality.TestReportArtifactValidation" name="test_narrative_keys_always_present" time="0.160" /><testcase classname="tests.validation.test_data_quality.TestLineageIntegrityValidation" name="test_scan_run_to_raw_finding_lineage" time="0.165" /><testcase classname="tests.validation.test_data_quality.TestLineageIntegrityValidation" name="test_raw_to_normalized_lineage" time="0.141" /><testcase classname="tests.validation.test_data_quality.TestLineageIntegrityValidation" name="test_normalized_to_mapping_lineage" time="0.155" /><testcase classname="tests.validation.test_data_quality.TestLineageIntegrityValidation" name="test_mapping_to_verification_lineage" time="0.161" /><testcase classname="tests.validation.test_integrity.TestLineageIntegrity" name="test_full_chain_intact_without_orphans" time="0.490" /><testcase classname="tests.validation.test_integrity.TestLineageIntegrity" name="test_audit_bundle_checksums_match_raw_findings" time="0.549" /><testcase classname="tests.validation.test_integrity.TestLineageIntegrity" name="test_no_orphans_when_findings_partially_map" time="0.460" /></testsuite></testsuites>